<?xml version="1.0" encoding="utf-8"?><testsuites name="pytest tests"><testsuite name="pytest" errors="0" failures="0" skipped="0" tests="10" time="6.418" timestamp="2026-05-26T20:33:47.198180+00:00" hostname="agent-env-4752a30a-2df4-4ff6-8610-44edfa3e9f32"><testcase classname="backend.tests.test_new_features.TestAuth" name="test_me" time="0.534" /><testcase classname="backend.tests.test_new_features.TestChatrooms" name="test_create_and_list" time="0.534" /><testcase classname="backend.tests.test_new_features.TestChatrooms" name="test_join" time="0.471" /><testcase classname="backend.tests.test_new_features.TestChatrooms" name="test_send_and_get_messages" time="0.887" /><testcase classname="backend.tests.test_new_features.TestForums" name="test_create_list_detail_post" time="0.624" /><testcase classname="backend.tests.test_new_features.TestPersonals" name="test_create_list_filter_delete" time="0.511" /><testcase classname="backend.tests.test_new_features.TestPersonals" name="test_delete_others_forbidden" time="0.241" /><testcase classname="backend.tests.test_new_features.TestHotwife" name="test_create_list_like_delete" time="0.849" /><testcase classname="backend.tests.test_new_features.TestHotwife" name="test_empty_post_rejected" time="0.147" /><testcase classname="backend.tests.test_new_features.TestContest" name="test_full_contest_flow" time="1.550" /></testsuite></testsuites>